Requirement already satisfied: snakemake in ./env/lib/python3.7/site-packages (7.32.3)
Requirement already satisfied: docutils in ./env/lib/python3.7/site-packages (from snakemake) (0.20.1)
Requirement already satisfied: psutil in ./env/lib/python3.7/site-packages (from snakemake) (5.9.5)
Requirement already satisfied: jinja2<4.0,>=3.0 in ./env/lib/python3.7/site-packages (from snakemake) (3.1.2)
Requirement already satisfied: nbformat in ./env/lib/python3.7/site-packages (from snakemake) (5.8.0)
Requirement already satisfied: requests in ./env/lib/python3.7/site-packages (from snakemake) (2.31.0)
Requirement already satisfied: tabulate in ./env/lib/python3.7/site-packages (from snakemake) (0.9.0)
Requirement already satisfied: connection-pool>=0.0.3 in ./env/lib/python3.7/site-packages (from snakemake) (0.0.3)
Requirement already satisfied: packaging in ./env/lib/python3.7/site-packages (from snakemake) (23.1)
Requirement already satisfied: stopit in ./env/lib/python3.7/site-packages (from snakemake) (1.1.2)
Requirement already satisfied: pulp>=2.0 in ./env/lib/python3.7/site-packages (from snakemake) (2.7.0)
Requirement already satisfied: smart-open>=3.0 in ./env/lib/python3.7/site-packages (from snakemake) (6.3.0)
Requirement already satisfied: wrapt in ./env/lib/python3.7/site-packages (from snakemake) (1.15.0)
Requirement already satisfied: appdirs in ./env/lib/python3.7/site-packages (from snakemake) (1.4.4)
Requirement already satisfied: configargparse in ./env/lib/python3.7/site-packages (from snakemake) (1.7)
Requirement already satisfied: pyyaml in ./env/lib/python3.7/site-packages (from snakemake) (6.0.1)
Requirement already satisfied: datrie in ./env/lib/python3.7/site-packages (from snakemake) (0.8.2)
Requirement already satisfied: yte<2.0,>=1.5.1 in ./env/lib/python3.7/site-packages (from snakemake) (1.5.1)
Requirement already satisfied: toposort>=1.10 in ./env/lib/python3.7/site-packages (from snakemake) (1.10)
Requirement already satisfied: reretry in ./env/lib/python3.7/site-packages (from snakemake) (0.11.8)
Requirement already satisfied: jsonschema in ./env/lib/python3.7/site-packages (from snakemake) (4.17.3)
Requirement already satisfied: throttler in ./env/lib/python3.7/site-packages (from snakemake) (1.2.2)
Requirement already satisfied: humanfriendly in ./env/lib/python3.7/site-packages (from snakemake) (10.0)
Requirement already satisfied: gitpython in ./env/lib/python3.7/site-packages (from snakemake) (3.1.32)
Requirement already satisfied: MarkupSafe>=2.0 in ./env/lib/python3.7/site-packages (from jinja2<4.0,>=3.0->snakemake) (2.1.3)
Requirement already satisfied: dpath<3.0,>=2.0 in ./env/lib/python3.7/site-packages (from yte<2.0,>=1.5.1->snakemake) (2.1.6)
Requirement already satisfied: plac<2.0.0,>=1.3.4 in ./env/lib/python3.7/site-packages (from yte<2.0,>=1.5.1->snakemake) (1.3.5)
Requirement already satisfied: typing-extensions>=3.7.4.3 in ./env/lib/python3.7/site-packages (from gitpython->snakemake) (4.7.1)
Requirement already satisfied: gitdb<5,>=4.0.1 in ./env/lib/python3.7/site-packages (from gitpython->snakemake) (4.0.10)
Requirement already satisfied: importlib-resources>=1.4.0 in ./env/lib/python3.7/site-packages (from jsonschema->snakemake) (5.12.0)
Requirement already satisfied: pkgutil-resolve-name>=1.3.10 in ./env/lib/python3.7/site-packages (from jsonschema->snakemake) (1.3.10)
Requirement already satisfied: pyrsistent!=0.17.0,!=0.17.1,!=0.17.2,>=0.14.0 in ./env/lib/python3.7/site-packages (from jsonschema->snakemake) (0.19.3)
Requirement already satisfied: importlib-metadata in ./env/lib/python3.7/site-packages (from jsonschema->snakemake) (6.7.0)
Requirement already satisfied: attrs>=17.4.0 in ./env/lib/python3.7/site-packages (from jsonschema->snakemake) (23.1.0)
Requirement already satisfied: fastjsonschema in ./env/lib/python3.7/site-packages (from nbformat->snakemake) (2.18.0)
Requirement already satisfied: traitlets>=5.1 in ./env/lib/python3.7/site-packages (from nbformat->snakemake) (5.9.0)
Requirement already satisfied: jupyter-core in ./env/lib/python3.7/site-packages (from nbformat->snakemake) (4.12.0)
Requirement already satisfied: urllib3<3,>=1.21.1 in ./env/lib/python3.7/site-packages (from requests->snakemake) (2.0.4)
Requirement already satisfied: certifi>=2017.4.17 in ./env/lib/python3.7/site-packages (from requests->snakemake) (2023.7.22)
Requirement already satisfied: idna<4,>=2.5 in ./env/lib/python3.7/site-packages (from requests->snakemake) (3.4)
Requirement already satisfied: charset-normalizer<4,>=2 in ./env/lib/python3.7/site-packages (from requests->snakemake) (3.2.0)
Requirement already satisfied: smmap<6,>=3.0.1 in ./env/lib/python3.7/site-packages (from gitdb<5,>=4.0.1->gitpython->snakemake) (5.0.0)
Requirement already satisfied: zipp>=0.5 in ./env/lib/python3.7/site-packages (from importlib-metadata->jsonschema->snakemake) (3.15.0)
WARNING: You are using pip version 22.0.4; however, version 23.2.1 is available.
You should consider upgrading via the '/work/users/e/s/esdavis/marinerFigures/marinerFigures/env/bin/python3 -m pip install --upgrade pip' command.
Building DAG of jobs...
Using shell: /usr/bin/bash
Provided cluster nodes: 100
Job stats:
job                  count
-----------------  -------
all                      1
pileupPlotExample        1
total                    2

Select jobs to execute...

[Sun Aug 20 19:09:30 2023]
rule pileupPlotExample:
    input: data/pixelPileup.rds, data/domainPileup.rds, data/diffBoundaries.rds
    output: plots/pileupPlotExamples.pdf
    jobid: 6
    reason: Missing output files: plots/pileupPlotExamples.pdf
    resources: mem_mb=2000, mem_mib=954, disk_mb=1000, disk_mib=954, tmpdir=<TBD>, runtime=1, mem=2GB

Submitted job 6 with external jobid 'Submitted batch job 15735680'.
[Sun Aug 20 19:11:10 2023]
Finished job 6.
1 of 2 steps (50%) done
Select jobs to execute...

[Sun Aug 20 19:11:10 2023]
localrule all:
    input: data/diffLoops72vs0.rds, data/pixelMats.h5, data/pixelMats.rds, data/pixelPileup.rds, data/domainPileup.rds, data/diffBoundaries.rds, plots/pileupPlotExamples.pdf
    jobid: 0
    reason: Input files updated by another job: plots/pileupPlotExamples.pdf
    resources: mem_mb=1000, mem_mib=954, disk_mb=1000, disk_mib=954, tmpdir=/work/appscr/r/esdavis

[Sun Aug 20 19:11:10 2023]
Finished job 0.
2 of 2 steps (100%) done
Complete log: .snakemake/log/2023-08-20T190929.832587.snakemake.log
